<?xml version="1.0" encoding="UTF-8"?>
<!-- Generated by org.testng.reporters.JUnitXMLReporter -->
<testsuite ignored="0" hostname="Som-PC" failures="0" tests="3" name="Test" time="6.165" errors="0" timestamp="2026-04-11T20:50:35 IST">
  <testcase classname="api.testcases.authenticationTest" name="getAccessTokenTest" time="3.085"/>
  <testcase classname="api.testcases.AuthenticationTestDD" name="getAccessTokenTest" time="0.774"/>
  <testcase classname="api.testcases.AuthenticationTestDD" name="getAccessTokenTest" time="0.778"/>
</testsuite> <!-- Test -->
