<?xml version="1.0" encoding="UTF-8"?>
<!-- Generated by org.testng.reporters.JUnitXMLReporter -->
<testsuite ignored="0" hostname="Som-PC" failures="0" tests="3" name="Test" time="9.567" errors="0" timestamp="2026-04-13T17:14:19 IST">
  <testcase classname="api.testcases.authenticationTest" name="getAccessTokenTest" time="5.153"/>
  <testcase classname="api.testcases.AuthenticationTestDD" name="getAccessTokenTest" time="1.349"/>
  <testcase classname="api.testcases.AuthenticationTestDD" name="getAccessTokenTest" time="0.767"/>
</testsuite> <!-- Test -->
