<?xml version="1.0" encoding="UTF-8"?>
<testsuite xmlns:xsi="http://www.w3.org/2001/XMLSchema-instance" xsi:noNamespaceSchemaLocation="https://maven.apache.org/surefire/maven-surefire-plugin/xsd/surefire-test-report.xsd" version="3.0.2" name="TestSuite" time="10.876" tests="3" errors="0" skipped="0" failures="0" flakes="0">
  <properties>
[...]
</properties>
  <testcase name="getAccessTokenTest" classname="api.testcases.authenticationTest" time="5.164">
    <system-out><![CDATA[On Start method invoked....
Name of test method started:getAccessTokenTest
HTTP/1.1 200 OK
Date: Mon, 13 Apr 2026 11:44:14 GMT
Content-Type: application/json;charset=UTF-8
Content-Length: 855
Connection: keep-alive
Cache-Control: no-cache
Pragma: no-cache
Content-Encoding: gzip
Expires: -1
Vary: Accept-Encoding
Server: 
Access-Control-Allow-Origin: *
X-Powered-By: ASP.NET

{
    "access_token": "eyJhbGciOiJodHRwOi8vd3d3LnczLm9yZy8yMDAxLzA0L3htbGRzaWctbW9yZSNobWFjLXNoYTI1NiIsInR5cCI6IkpXVCJ9.eyJodHRwOi8vc2NoZW1hcy54bWxzb2FwLm9yZy93cy8yMDA1LzA1L2lkZW50aXR5L2NsYWltcy9uYW1lIjoiMzQ4ODY2OCIsIlVUWSI6IkkiLCJTSUQiOiIyNTY0ODgzIiwiVElEIjoiMTY0MjAxOSIsImh0dHA6Ly9zY2hlbWFzLm1pY3Jvc29mdC5jb20vd3MvMjAwOC8wNi9pZGVudGl0eS9jbGFpbXMvcm9sZSI6IjIiLCJJQUwiOiJGYWxzZSIsIkFJRCI6IjAiLCJPSUQiOiIzNDg4NjY4IiwiSVAiOiI0OS40Ny44Ljk3IiwiRUFVIjoiZmFsc2UiLCJuYmYiOjE3NzYwODA2NTQsImV4cCI6MTc3NjA4NDI1NCwiaXNzIjoiaHR0cHM6Ly9hdXRoLmd1cnUuY29tLyIsImF1ZCI6Imh0dHBzOi8vd3d3Lmd1cnUuY29tL2FwaSJ9.acifDFFQmnnBv--TgNcJZ4ctm-uoJ_LCcIAWZtsKTDE",
    "token_type": "bearer",
    "expires_in": 3599,
    "refresh_token": "029341145b904ef58366070bff2685a0",
    "client_id": "GCLI03572832T",
    ".issued": "Mon, 13 Apr 2026 11:44:14 GMT",
    ".expires": "Mon, 13 Apr 2026 12:44:14 GMT"
}
[INFO ] 2026-04-13 17:14:15.754 [main] GuruAPIFramework - Access token retrieved successfully with status code: 200
Name of test method sucessfully executed:getAccessTokenTest
]]></system-out>
    <system-err><![CDATA[SLF4J: Failed to load class "org.slf4j.impl.StaticLoggerBinder".
SLF4J: Defaulting to no-operation (NOP) logger implementation
SLF4J: See http://www.slf4j.org/codes.html#StaticLoggerBinder for further details.
]]></system-err>
  </testcase>
  <testcase name="getAccessTokenTest[client_credentials, GCLI03572832T, D7B3D6A4-068F-4BD2-96A3-C4149CFB6F79](1)" classname="api.testcases.AuthenticationTestDD" time="1.324">
    <system-out><![CDATA[[DEBUG] 2026-04-13 17:14:16.000 [main] PackageRelationshipCollection - Parsing relationship: /xl/_rels/workbook.xml.rels
[DEBUG] 2026-04-13 17:14:16.003 [main] PackageRelationshipCollection - Parsing relationship: /xl/worksheets/_rels/sheet1.xml.rels
[DEBUG] 2026-04-13 17:14:16.005 [main] PackageRelationshipCollection - Parsing relationship: /_rels/.rels
[DEBUG] 2026-04-13 17:14:16.523 [main] POIXMLFactory - using default POIXMLDocumentPart for http://schemas.openxmlformats.org/officeDocument/2006/relationships/printerSettings
[DEBUG] 2026-04-13 17:14:16.667 [main] PackageRelationshipCollection - Parsing relationship: /xl/_rels/workbook.xml.rels
[DEBUG] 2026-04-13 17:14:16.668 [main] PackageRelationshipCollection - Parsing relationship: /xl/worksheets/_rels/sheet1.xml.rels
[DEBUG] 2026-04-13 17:14:16.669 [main] PackageRelationshipCollection - Parsing relationship: /_rels/.rels
[DEBUG] 2026-04-13 17:14:16.687 [main] POIXMLFactory - using default POIXMLDocumentPart for http://schemas.openxmlformats.org/officeDocument/2006/relationships/printerSettings
[DEBUG] 2026-04-13 17:14:16.709 [main] PackageRelationshipCollection - Parsing relationship: /xl/_rels/workbook.xml.rels
[DEBUG] 2026-04-13 17:14:16.712 [main] PackageRelationshipCollection - Parsing relationship: /xl/worksheets/_rels/sheet1.xml.rels
[DEBUG] 2026-04-13 17:14:16.713 [main] PackageRelationshipCollection - Parsing relationship: /_rels/.rels
[DEBUG] 2026-04-13 17:14:16.736 [main] POIXMLFactory - using default POIXMLDocumentPart for http://schemas.openxmlformats.org/officeDocument/2006/relationships/printerSettings
[DEBUG] 2026-04-13 17:14:16.780 [main] PackageRelationshipCollection - Parsing relationship: /xl/_rels/workbook.xml.rels
[DEBUG] 2026-04-13 17:14:16.783 [main] PackageRelationshipCollection - Parsing relationship: /xl/worksheets/_rels/sheet1.xml.rels
[DEBUG] 2026-04-13 17:14:16.784 [main] PackageRelationshipCollection - Parsing relationship: /_rels/.rels
[DEBUG] 2026-04-13 17:14:16.805 [main] POIXMLFactory - using default POIXMLDocumentPart for http://schemas.openxmlformats.org/officeDocument/2006/relationships/printerSettings
[DEBUG] 2026-04-13 17:14:16.826 [main] PackageRelationshipCollection - Parsing relationship: /xl/_rels/workbook.xml.rels
[DEBUG] 2026-04-13 17:14:16.828 [main] PackageRelationshipCollection - Parsing relationship: /xl/worksheets/_rels/sheet1.xml.rels
[DEBUG] 2026-04-13 17:14:16.829 [main] PackageRelationshipCollection - Parsing relationship: /_rels/.rels
[DEBUG] 2026-04-13 17:14:16.842 [main] POIXMLFactory - using default POIXMLDocumentPart for http://schemas.openxmlformats.org/officeDocument/2006/relationships/printerSettings
[DEBUG] 2026-04-13 17:14:16.861 [main] PackageRelationshipCollection - Parsing relationship: /xl/_rels/workbook.xml.rels
[DEBUG] 2026-04-13 17:14:16.863 [main] PackageRelationshipCollection - Parsing relationship: /xl/worksheets/_rels/sheet1.xml.rels
[DEBUG] 2026-04-13 17:14:16.865 [main] PackageRelationshipCollection - Parsing relationship: /_rels/.rels
[DEBUG] 2026-04-13 17:14:16.886 [main] POIXMLFactory - using default POIXMLDocumentPart for http://schemas.openxmlformats.org/officeDocument/2006/relationships/printerSettings
[DEBUG] 2026-04-13 17:14:16.906 [main] PackageRelationshipCollection - Parsing relationship: /xl/_rels/workbook.xml.rels
[DEBUG] 2026-04-13 17:14:16.907 [main] PackageRelationshipCollection - Parsing relationship: /xl/worksheets/_rels/sheet1.xml.rels
[DEBUG] 2026-04-13 17:14:16.908 [main] PackageRelationshipCollection - Parsing relationship: /_rels/.rels
[DEBUG] 2026-04-13 17:14:16.923 [main] POIXMLFactory - using default POIXMLDocumentPart for http://schemas.openxmlformats.org/officeDocument/2006/relationships/printerSettings
[DEBUG] 2026-04-13 17:14:16.941 [main] PackageRelationshipCollection - Parsing relationship: /xl/_rels/workbook.xml.rels
[DEBUG] 2026-04-13 17:14:16.943 [main] PackageRelationshipCollection - Parsing relationship: /xl/worksheets/_rels/sheet1.xml.rels
[DEBUG] 2026-04-13 17:14:16.945 [main] PackageRelationshipCollection - Parsing relationship: /_rels/.rels
[DEBUG] 2026-04-13 17:14:16.958 [main] POIXMLFactory - using default POIXMLDocumentPart for http://schemas.openxmlformats.org/officeDocument/2006/relationships/printerSettings
Name of test method started:getAccessTokenTest
HTTP/1.1 200 OK
Date: Mon, 13 Apr 2026 11:44:17 GMT
Content-Type: application/json;charset=UTF-8
Content-Length: 855
Connection: keep-alive
Cache-Control: no-cache
Pragma: no-cache
Content-Encoding: gzip
Expires: -1
Vary: Accept-Encoding
Server: 
Access-Control-Allow-Origin: *
X-Powered-By: ASP.NET

{
    "access_token": "eyJhbGciOiJodHRwOi8vd3d3LnczLm9yZy8yMDAxLzA0L3htbGRzaWctbW9yZSNobWFjLXNoYTI1NiIsInR5cCI6IkpXVCJ9.eyJodHRwOi8vc2NoZW1hcy54bWxzb2FwLm9yZy93cy8yMDA1LzA1L2lkZW50aXR5L2NsYWltcy9uYW1lIjoiMzQ4ODY2OCIsIlVUWSI6IkkiLCJTSUQiOiIyNTY0ODgzIiwiVElEIjoiMTY0MjAxOSIsImh0dHA6Ly9zY2hlbWFzLm1pY3Jvc29mdC5jb20vd3MvMjAwOC8wNi9pZGVudGl0eS9jbGFpbXMvcm9sZSI6IjIiLCJJQUwiOiJGYWxzZSIsIkFJRCI6IjAiLCJPSUQiOiIzNDg4NjY4IiwiSVAiOiI0OS40Ny44Ljk3IiwiRUFVIjoiZmFsc2UiLCJuYmYiOjE3NzYwODA2NTcsImV4cCI6MTc3NjA4NDI1NywiaXNzIjoiaHR0cHM6Ly9hdXRoLmd1cnUuY29tLyIsImF1ZCI6Imh0dHBzOi8vd3d3Lmd1cnUuY29tL2FwaSJ9.0GIOx_hV777_R2zpo1-fALWK4EtZlvtXtB6jSNVXffM",
    "token_type": "bearer",
    "expires_in": 3599,
    "refresh_token": "0a5cdd902e9f4beeb5578edfd6a1c88c",
    "client_id": "GCLI03572832T",
    ".issued": "Mon, 13 Apr 2026 11:44:17 GMT",
    ".expires": "Mon, 13 Apr 2026 12:44:17 GMT"
}
Stored token for: GCLI03572832T
Name of test method sucessfully executed:getAccessTokenTest
]]></system-out>
  </testcase>
  <testcase name="getAccessTokenTest[client_credentials, GCLI06976585T, 5C69D432-6D45-4AC7-8E34-8441E6676667](2)" classname="api.testcases.AuthenticationTestDD" time="0.773">
    <system-out><![CDATA[Name of test method started:getAccessTokenTest
HTTP/1.1 200 OK
Date: Mon, 13 Apr 2026 11:44:19 GMT
Content-Type: application/json;charset=UTF-8
Content-Length: 855
Connection: keep-alive
Cache-Control: no-cache
Pragma: no-cache
Content-Encoding: gzip
Expires: -1
Vary: Accept-Encoding
Server: 
Access-Control-Allow-Origin: *
X-Powered-By: ASP.NET

{
    "access_token": "eyJhbGciOiJodHRwOi8vd3d3LnczLm9yZy8yMDAxLzA0L3htbGRzaWctbW9yZSNobWFjLXNoYTI1NiIsInR5cCI6IkpXVCJ9.eyJodHRwOi8vc2NoZW1hcy54bWxzb2FwLm9yZy93cy8yMDA1LzA1L2lkZW50aXR5L2NsYWltcy9uYW1lIjoiNjg5MjM0OCIsIlVUWSI6IkMiLCJTSUQiOiIxNDA3MjQyIiwiVElEIjoiNTA4MjQzNyIsImh0dHA6Ly9zY2hlbWFzLm1pY3Jvc29mdC5jb20vd3MvMjAwOC8wNi9pZGVudGl0eS9jbGFpbXMvcm9sZSI6IjEiLCJJQUwiOiJGYWxzZSIsIkFJRCI6IjAiLCJPSUQiOiI2ODkyMzQ4IiwiSVAiOiI0OS40Ny44Ljk3IiwiRUFVIjoiZmFsc2UiLCJuYmYiOjE3NzYwODA2NTgsImV4cCI6MTc3NjA4NDI1OCwiaXNzIjoiaHR0cHM6Ly9hdXRoLmd1cnUuY29tLyIsImF1ZCI6Imh0dHBzOi8vd3d3Lmd1cnUuY29tL2FwaSJ9.v38ED6Fyt3gyw9rAzkveeEnOL0Gk_Df85Fi1--1u-5s",
    "token_type": "bearer",
    "expires_in": 3599,
    "refresh_token": "f300e6105106483fb7bb5cf6b8ea14b1",
    "client_id": "GCLI06976585T",
    ".issued": "Mon, 13 Apr 2026 11:44:18 GMT",
    ".expires": "Mon, 13 Apr 2026 12:44:18 GMT"
}
Stored token for: GCLI06976585T
Name of test method sucessfully executed:getAccessTokenTest
]]></system-out>
  </testcase>
</testsuite>