<?xml version="1.0" encoding="UTF-8"?>
<testng-results ignored="0" total="3" passed="3" failed="0" skipped="0">
  <reporter-output>
  </reporter-output>
  <suite started-at="2026-04-13T17:14:09 IST" name="Suite" finished-at="2026-04-13T17:14:19 IST" duration-ms="9567">
    <groups>
    </groups>
    <test started-at="2026-04-13T17:14:09 IST" name="Test" finished-at="2026-04-13T17:14:19 IST" duration-ms="9567">
      <class name="api.testcases.AuthenticationTestDD">
        <test-method signature="getAccessTokenTest(java.lang.String,java.lang.String,java.lang.String)[pri:0, instance:api.testcases.AuthenticationTestDD@20deea7f]" started-at="2026-04-13T17:14:16 IST" name="getAccessTokenTest" data-provider="userCredentialData" finished-at="2026-04-13T17:14:18 IST" duration-ms="1349" status="PASS">
          <params>
            <param index="0">
              <value>
                <![CDATA[client_credentials]]>
              </value>
            </param>
            <param index="1">
              <value>
                <![CDATA[GCLI03572832T]]>
              </value>
            </param>
            <param index="2">
              <value>
                <![CDATA[D7B3D6A4-068F-4BD2-96A3-C4149CFB6F79]]>
              </value>
            </param>
          </params>
          <reporter-output>
          </reporter-output>
        </test-method> <!-- getAccessTokenTest -->
        <test-method signature="getAccessTokenTest(java.lang.String,java.lang.String,java.lang.String)[pri:0, instance:api.testcases.AuthenticationTestDD@20deea7f]" started-at="2026-04-13T17:14:18 IST" name="getAccessTokenTest" data-provider="userCredentialData" finished-at="2026-04-13T17:14:19 IST" duration-ms="767" status="PASS">
          <params>
            <param index="0">
              <value>
                <![CDATA[client_credentials]]>
              </value>
            </param>
            <param index="1">
              <value>
                <![CDATA[GCLI06976585T]]>
              </value>
            </param>
            <param index="2">
              <value>
                <![CDATA[5C69D432-6D45-4AC7-8E34-8441E6676667]]>
              </value>
            </param>
          </params>
          <reporter-output>
          </reporter-output>
        </test-method> <!-- getAccessTokenTest -->
      </class> <!-- api.testcases.AuthenticationTestDD -->
      <class name="api.testcases.authenticationTest">
        <test-method is-config="true" signature="setAuthCredentials()[pri:0, instance:api.testcases.authenticationTest@2f7298b]" started-at="2026-04-13T17:14:09 IST" name="setAuthCredentials" finished-at="2026-04-13T17:14:10 IST" duration-ms="642" status="PASS">
          <reporter-output>
          </reporter-output>
        </test-method> <!-- setAuthCredentials -->
        <test-method signature="getAccessTokenTest()[pri:0, instance:api.testcases.authenticationTest@2f7298b]" started-at="2026-04-13T17:14:10 IST" name="getAccessTokenTest" finished-at="2026-04-13T17:14:15 IST" duration-ms="5153" status="PASS">
          <reporter-output>
          </reporter-output>
        </test-method> <!-- getAccessTokenTest -->
      </class> <!-- api.testcases.authenticationTest -->
    </test> <!-- Test -->
  </suite> <!-- Suite -->
</testng-results>
