<?xml version="1.0" encoding="UTF-8"?>
<testng-results ignored="0" total="1" passed="1" failed="0" skipped="0">
  <reporter-output>
  </reporter-output>
  <suite started-at="2026-04-13T12:25:47 IST" name="Default suite" finished-at="2026-04-13T12:25:51 IST" duration-ms="4159">
    <groups>
    </groups>
    <test started-at="2026-04-13T12:25:47 IST" name="Default test" finished-at="2026-04-13T12:25:51 IST" duration-ms="4159">
      <class name="api.testcases.authenticationTest">
        <test-method is-config="true" signature="setAuthCredentials()[pri:0, instance:api.testcases.authenticationTest@36fc695d]" started-at="2026-04-13T12:25:47 IST" name="setAuthCredentials" finished-at="2026-04-13T12:25:48 IST" duration-ms="892" status="PASS">
          <reporter-output>
          </reporter-output>
        </test-method> <!-- setAuthCredentials -->
        <test-method signature="getAccessTokenTest()[pri:0, instance:api.testcases.authenticationTest@36fc695d]" started-at="2026-04-13T12:25:48 IST" name="getAccessTokenTest" finished-at="2026-04-13T12:25:51 IST" duration-ms="3210" status="PASS">
          <reporter-output>
          </reporter-output>
        </test-method> <!-- getAccessTokenTest -->
      </class> <!-- api.testcases.authenticationTest -->
    </test> <!-- Default test -->
  </suite> <!-- Default suite -->
</testng-results>
