<?xml version="1.0" encoding="UTF-8"?>
<!-- Generated by org.testng.reporters.JUnitReportReporter -->
<testsuite hostname="Som-PC" failures="0" tests="2" name="api.testcases.AuthenticationTestDD" time="4.519" errors="0" timestamp="2026-04-11T21:11:03 IST" skipped="0">
  <testcase classname="api.testcases.AuthenticationTestDD" name="getAccessTokenTest" time="3.705"/>
  <testcase classname="api.testcases.AuthenticationTestDD" name="getAccessTokenTest" time="0.814"/>
</testsuite> <!-- api.testcases.AuthenticationTestDD -->
