<?xml version="1.0" encoding="UTF-8"?>
<!-- Generated by org.testng.reporters.JUnitReportReporter -->
<testsuite hostname="Som-PC" failures="0" tests="2" name="api.testcases.AuthenticationTestDD" time="2.116" errors="0" timestamp="2026-04-13T17:14:19 IST" skipped="0">
  <testcase classname="api.testcases.AuthenticationTestDD" name="getAccessTokenTest" time="1.349"/>
  <testcase classname="api.testcases.AuthenticationTestDD" name="getAccessTokenTest" time="0.767"/>
</testsuite> <!-- api.testcases.AuthenticationTestDD -->
